# JRE version: OpenJDK Runtime Environment (8.0_152-b01) (build 1.8.0_152-release-915-b01)
# Java VM: OpenJDK 64-Bit Server VM (25.152-b01 mixed mode linux-amd64 compressed oops)
Heap:
 PSYoungGen      total 275456K, used 244221K [0x00000000e0000000, 0x00000000f3280000, 0x0000000100000000)
  eden space 241152K, 93% used [0x00000000e0000000,0x00000000edb83ee8,0x00000000eeb80000)
  from space 34304K, 56% used [0x00000000f1100000,0x00000000f23fb858,0x00000000f3280000)
  to   space 36352K, 0% used [0x00000000eeb80000,0x00000000eeb80000,0x00000000f0f00000)
 ParOldGen       total 329216K, used 81869K [0x00000000a0000000, 0x00000000b4180000, 0x00000000e0000000)
  object space 329216K, 24% used [0x00000000a0000000,0x00000000a4ff34d8,0x00000000b4180000)
 Metaspace       used 65079K, capacity 69206K, committed 69376K, reserved 1110016K
  class space    used 8571K, capacity 9363K, committed 9472K, reserved 1048576K
GC Heap History (10 events):
Event: 20.928 GC heap before
{Heap before GC invocations=13 (full 2):
 PSYoungGen      total 179712K, used 97121K [0x00000000e0000000, 0x00000000edb00000, 0x0000000100000000)
  eden space 156160K, 47% used [0x00000000e0000000,0x00000000e47df6e0,0x00000000e9880000)
  from space 23552K, 99% used [0x00000000eb580000,0x00000000ecc78e58,0x00000000ecc80000)
  to   space 29696K, 0% used [0x00000000e9880000,0x00000000e9880000,0x00000000eb580000)
 ParOldGen       total 212992K, used 39488K [0x00000000a0000000, 0x00000000ad000000, 0x00000000e0000000)
  object space 212992K, 18% used [0x00000000a0000000,0x00000000a26900b0,0x00000000ad000000)
 Metaspace       used 56430K, capacity 59078K, committed 59160K, reserved 1099776K
  class space    used 7655K, capacity 8270K, committed 8320K, reserved 1048576K
Event: 21.031 GC heap after
Heap after GC invocations=13 (full 2):
 PSYoungGen      total 185856K, used 27920K [0x00000000e0000000, 0x00000000f0d80000, 0x0000000100000000)
  eden space 156160K, 0% used [0x00000000e0000000,0x00000000e0000000,0x00000000e9880000)
  from space 29696K, 94% used [0x00000000e9880000,0x00000000eb3c4010,0x00000000eb580000)
  to   space 33280K, 0% used [0x00000000eed00000,0x00000000eed00000,0x00000000f0d80000)
 ParOldGen       total 212992K, used 45214K [0x00000000a0000000, 0x00000000ad000000, 0x00000000e0000000)
  object space 212992K, 21% used [0x00000000a0000000,0x00000000a2c27af0,0x00000000ad000000)
 Metaspace       used 56430K, capacity 59078K, committed 59160K, reserved 1099776K
  class space    used 7655K, capacity 8270K, committed 8320K, reserved 1048576K
}
Event: 21.031 GC heap before
{Heap before GC invocations=14 (full 3):
 PSYoungGen      total 185856K, used 27920K [0x00000000e0000000, 0x00000000f0d80000, 0x0000000100000000)
  eden space 156160K, 0% used [0x00000000e0000000,0x00000000e0000000,0x00000000e9880000)
  from space 29696K, 94% used [0x00000000e9880000,0x00000000eb3c4010,0x00000000eb580000)
  to   space 33280K, 0% used [0x00000000eed00000,0x00000000eed00000,0x00000000f0d80000)
 ParOldGen       total 212992K, used 45214K [0x00000000a0000000, 0x00000000ad000000, 0x00000000e0000000)
  object space 212992K, 21% used [0x00000000a0000000,0x00000000a2c27af0,0x00000000ad000000)
 Metaspace       used 56430K, capacity 59078K, committed 59160K, reserved 1099776K
  class space    used 7655K, capacity 8270K, committed 8320K, reserved 1048576K
Event: 21.886 GC heap after
Heap after GC invocations=14 (full 3):
 PSYoungGen      total 185856K, used 0K [0x00000000e0000000, 0x00000000f0d80000, 0x0000000100000000)
  eden space 156160K, 0% used [0x00000000e0000000,0x00000000e0000000,0x00000000e9880000)
  from space 29696K, 0% used [0x00000000e9880000,0x00000000e9880000,0x00000000eb580000)
  to   space 33280K, 0% used [0x00000000eed00000,0x00000000eed00000,0x00000000f0d80000)
 ParOldGen       total 329216K, used 65491K [0x00000000a0000000, 0x00000000b4180000, 0x00000000e0000000)
  object space 329216K, 19% used [0x00000000a0000000,0x00000000a3ff4dc0,0x00000000b4180000)
 Metaspace       used 56430K, capacity 59078K, committed 59160K, reserved 1099776K
  class space    used 7655K, capacity 8270K, committed 8320K, reserved 1048576K
}
Event: 34.065 GC heap before
{Heap before GC invocations=15 (full 3):
 PSYoungGen      total 185856K, used 156160K [0x00000000e0000000, 0x00000000f0d80000, 0x0000000100000000)
  eden space 156160K, 100% used [0x00000000e0000000,0x00000000e9880000,0x00000000e9880000)
  from space 29696K, 0% used [0x00000000e9880000,0x00000000e9880000,0x00000000eb580000)
  to   space 33280K, 0% used [0x00000000eed00000,0x00000000eed00000,0x00000000f0d80000)
 ParOldGen       total 329216K, used 65491K [0x00000000a0000000, 0x00000000b4180000, 0x00000000e0000000)
  object space 329216K, 19% used [0x00000000a0000000,0x00000000a3ff4dc0,0x00000000b4180000)
 Metaspace       used 59877K, capacity 63192K, committed 63232K, reserved 1103872K
  class space    used 7962K, capacity 8702K, committed 8704K, reserved 1048576K
Event: 34.101 GC heap after
Heap after GC invocations=15 (full 3):
 PSYoungGen      total 211968K, used 14870K [0x00000000e0000000, 0x00000000efd00000, 0x0000000100000000)
  eden space 195584K, 0% used [0x00000000e0000000,0x00000000e0000000,0x00000000ebf00000)
  from space 16384K, 90% used [0x00000000eed00000,0x00000000efb85a60,0x00000000efd00000)
  to   space 31744K, 0% used [0x00000000ebf00000,0x00000000ebf00000,0x00000000ede00000)
 ParOldGen       total 329216K, used 65499K [0x00000000a0000000, 0x00000000b4180000, 0x00000000e0000000)
  object space 329216K, 19% used [0x00000000a0000000,0x00000000a3ff6dc0,0x00000000b4180000)
 Metaspace       used 59877K, capacity 63192K, committed 63232K, reserved 1103872K
  class space    used 7962K, capacity 8702K, committed 8704K, reserved 1048576K
}
Event: 37.616 GC heap before
{Heap before GC invocations=16 (full 3):
 PSYoungGen      total 211968K, used 210454K [0x00000000e0000000, 0x00000000efd00000, 0x0000000100000000)
  eden space 195584K, 100% used [0x00000000e0000000,0x00000000ebf00000,0x00000000ebf00000)
  from space 16384K, 90% used [0x00000000eed00000,0x00000000efb85a60,0x00000000efd00000)
  to   space 31744K, 0% used [0x00000000ebf00000,0x00000000ebf00000,0x00000000ede00000)
 ParOldGen       total 329216K, used 65499K [0x00000000a0000000, 0x00000000b4180000, 0x00000000e0000000)
  object space 329216K, 19% used [0x00000000a0000000,0x00000000a3ff6dc0,0x00000000b4180000)
 Metaspace       used 63056K, capacity 66626K, committed 66816K, reserved 1107968K
  class space    used 8365K, capacity 9121K, committed 9216K, reserved 1048576K
Event: 37.688 GC heap after
Heap after GC invocations=16 (full 3):
 PSYoungGen      total 227328K, used 31734K [0x00000000e0000000, 0x00000000f3580000, 0x0000000100000000)
  eden space 195584K, 0% used [0x00000000e0000000,0x00000000e0000000,0x00000000ebf00000)
  from space 31744K, 99% used [0x00000000ebf00000,0x00000000eddfd9a8,0x00000000ede00000)
  to   space 37376K, 0% used [0x00000000f1100000,0x00000000f1100000,0x00000000f3580000)
 ParOldGen       total 329216K, used 69673K [0x00000000a0000000, 0x00000000b4180000, 0x00000000e0000000)
  object space 329216K, 21% used [0x00000000a0000000,0x00000000a440a6e8,0x00000000b4180000)
 Metaspace       used 63056K, capacity 66626K, committed 66816K, reserved 1107968K
  class space    used 8365K, capacity 9121K, committed 9216K, reserved 1048576K
}
Event: 41.473 GC heap before
{Heap before GC invocations=17 (full 3):
 PSYoungGen      total 227328K, used 227318K [0x00000000e0000000, 0x00000000f3580000, 0x0000000100000000)
  eden space 195584K, 100% used [0x00000000e0000000,0x00000000ebf00000,0x00000000ebf00000)
  from space 31744K, 99% used [0x00000000ebf00000,0x00000000eddfd9a8,0x00000000ede00000)
  to   space 37376K, 0% used [0x00000000f1100000,0x00000000f1100000,0x00000000f3580000)
 ParOldGen       total 329216K, used 69673K [0x00000000a0000000, 0x00000000b4180000, 0x00000000e0000000)
  object space 329216K, 21% used [0x00000000a0000000,0x00000000a440a6e8,0x00000000b4180000)
 Metaspace       used 64521K, capacity 68338K, committed 68480K, reserved 1107968K
  class space    used 8527K, capacity 9289K, committed 9344K, reserved 1048576K
Event: 41.564 GC heap after
Heap after GC invocations=17 (full 3):
 PSYoungGen      total 275456K, used 19438K [0x00000000e0000000, 0x00000000f3280000, 0x0000000100000000)
  eden space 241152K, 0% used [0x00000000e0000000,0x00000000e0000000,0x00000000eeb80000)
  from space 34304K, 56% used [0x00000000f1100000,0x00000000f23fb858,0x00000000f3280000)
  to   space 36352K, 0% used [0x00000000eeb80000,0x00000000eeb80000,0x00000000f0f00000)
 ParOldGen       total 329216K, used 81869K [0x00000000a0000000, 0x00000000b4180000, 0x00000000e0000000)
  object space 329216K, 24% used [0x00000000a0000000,0x00000000a4ff34d8,0x00000000b4180000)
 Metaspace       used 64521K, capacity 68338K, committed 68480K, reserved 1107968K
  class space    used 8527K, capacity 9289K, committed 9344K, reserved 1048576K
}

