# JRE version: OpenJDK Runtime Environment (8.0_152-b01) (build 1.8.0_152-release-915-b01)
# Java VM: OpenJDK 64-Bit Server VM (25.152-b01 mixed mode linux-amd64 compressed oops)
Heap:
 PSYoungGen      total 417280K, used 217683K [0x00000000e0000000, 0x00000000ff280000, 0x0000000100000000)
  eden space 337408K, 57% used [0x00000000e0000000,0x00000000ebc697d8,0x00000000f4980000)
  from space 79872K, 30% used [0x00000000fa480000,0x00000000fbcab678,0x00000000ff280000)
  to   space 86528K, 0% used [0x00000000f4980000,0x00000000f4980000,0x00000000f9e00000)
 ParOldGen       total 543232K, used 311094K [0x00000000a0000000, 0x00000000c1280000, 0x00000000e0000000)
  object space 543232K, 57% used [0x00000000a0000000,0x00000000b2fcd8d0,0x00000000c1280000)
 Metaspace       used 106251K, capacity 112690K, committed 112728K, reserved 1146880K
  class space    used 13067K, capacity 14436K, committed 14464K, reserved 1048576K
GC Heap History (10 events):
Event: 1263.324 GC heap before
{Heap before GC invocations=76 (full 6):
 PSYoungGen      total 394752K, used 283237K [0x00000000e0000000, 0x0000000100000000, 0x0000000100000000)
  eden space 284160K, 99% used [0x00000000e0000000,0x00000000f1481790,0x00000000f1580000)
  from space 110592K, 0% used [0x00000000f1580000,0x00000000f1598000,0x00000000f8180000)
  to   space 107520K, 0% used [0x00000000f9700000,0x00000000f9700000,0x0000000100000000)
 ParOldGen       total 543232K, used 309857K [0x00000000a0000000, 0x00000000c1280000, 0x00000000e0000000)
  object space 543232K, 57% used [0x00000000a0000000,0x00000000b2e987e0,0x00000000c1280000)
 Metaspace       used 102780K, capacity 109144K, committed 110936K, reserved 1146880K
  class space    used 12646K, capacity 13959K, committed 14208K, reserved 1048576K
Event: 1263.348 GC heap after
Heap after GC invocations=76 (full 6):
 PSYoungGen      total 403456K, used 128K [0x00000000e0000000, 0x00000000ff600000, 0x0000000100000000)
  eden space 306176K, 0% used [0x00000000e0000000,0x00000000e0000000,0x00000000f2b00000)
  from space 97280K, 0% used [0x00000000f9700000,0x00000000f9720000,0x00000000ff600000)
  to   space 103936K, 0% used [0x00000000f2b00000,0x00000000f2b00000,0x00000000f9080000)
 ParOldGen       total 543232K, used 309897K [0x00000000a0000000, 0x00000000c1280000, 0x00000000e0000000)
  object space 543232K, 57% used [0x00000000a0000000,0x00000000b2ea27e0,0x00000000c1280000)
 Metaspace       used 102780K, capacity 109144K, committed 110936K, reserved 1146880K
  class space    used 12646K, capacity 13959K, committed 14208K, reserved 1048576K
}
Event: 1263.463 GC heap before
{Heap before GC invocations=77 (full 6):
 PSYoungGen      total 403456K, used 305637K [0x00000000e0000000, 0x00000000ff600000, 0x0000000100000000)
  eden space 306176K, 99% used [0x00000000e0000000,0x00000000f2a59650,0x00000000f2b00000)
  from space 97280K, 0% used [0x00000000f9700000,0x00000000f9720000,0x00000000ff600000)
  to   space 103936K, 0% used [0x00000000f2b00000,0x00000000f2b00000,0x00000000f9080000)
 ParOldGen       total 543232K, used 309897K [0x00000000a0000000, 0x00000000c1280000, 0x00000000e0000000)
  object space 543232K, 57% used [0x00000000a0000000,0x00000000b2ea27e0,0x00000000c1280000)
 Metaspace       used 102780K, capacity 109144K, committed 110936K, reserved 1146880K
  class space    used 12646K, capacity 13959K, committed 14208K, reserved 1048576K
Event: 1263.490 GC heap after
Heap after GC invocations=77 (full 6):
 PSYoungGen      total 410112K, used 128K [0x00000000e0000000, 0x00000000ffe80000, 0x0000000100000000)
  eden space 306176K, 0% used [0x00000000e0000000,0x00000000e0000000,0x00000000f2b00000)
  from space 103936K, 0% used [0x00000000f2b00000,0x00000000f2b20000,0x00000000f9080000)
  to   space 99840K, 0% used [0x00000000f9d00000,0x00000000f9d00000,0x00000000ffe80000)
 ParOldGen       total 543232K, used 309937K [0x00000000a0000000, 0x00000000c1280000, 0x00000000e0000000)
  object space 543232K, 57% used [0x00000000a0000000,0x00000000b2eac7e0,0x00000000c1280000)
 Metaspace       used 102780K, capacity 109144K, committed 110936K, reserved 1146880K
  class space    used 12646K, capacity 13959K, committed 14208K, reserved 1048576K
}
Event: 1263.665 GC heap before
{Heap before GC invocations=78 (full 6):
 PSYoungGen      total 410112K, used 306214K [0x00000000e0000000, 0x00000000ffe80000, 0x0000000100000000)
  eden space 306176K, 99% used [0x00000000e0000000,0x00000000f2ae9848,0x00000000f2b00000)
  from space 103936K, 0% used [0x00000000f2b00000,0x00000000f2b20000,0x00000000f9080000)
  to   space 99840K, 0% used [0x00000000f9d00000,0x00000000f9d00000,0x00000000ffe80000)
 ParOldGen       total 543232K, used 309937K [0x00000000a0000000, 0x00000000c1280000, 0x00000000e0000000)
  object space 543232K, 57% used [0x00000000a0000000,0x00000000b2eac7e0,0x00000000c1280000)
 Metaspace       used 102780K, capacity 109144K, committed 110936K, reserved 1146880K
  class space    used 12646K, capacity 13959K, committed 14208K, reserved 1048576K
Event: 1263.680 GC heap after
Heap after GC invocations=78 (full 6):
 PSYoungGen      total 409600K, used 96K [0x00000000e0000000, 0x00000000ff400000, 0x0000000100000000)
  eden space 320512K, 0% used [0x00000000e0000000,0x00000000e0000000,0x00000000f3900000)
  from space 89088K, 0% used [0x00000000f9d00000,0x00000000f9d18000,0x00000000ff400000)
  to   space 95744K, 0% used [0x00000000f3900000,0x00000000f3900000,0x00000000f9680000)
 ParOldGen       total 543232K, used 309969K [0x00000000a0000000, 0x00000000c1280000, 0x00000000e0000000)
  object space 543232K, 57% used [0x00000000a0000000,0x00000000b2eb47e0,0x00000000c1280000)
 Metaspace       used 102780K, capacity 109144K, committed 110936K, reserved 1146880K
  class space    used 12646K, capacity 13959K, committed 14208K, reserved 1048576K
}
Event: 5974.573 GC heap before
{Heap before GC invocations=79 (full 6):
 PSYoungGen      total 409600K, used 320601K [0x00000000e0000000, 0x00000000ff400000, 0x0000000100000000)
  eden space 320512K, 99% used [0x00000000e0000000,0x00000000f38fe6a8,0x00000000f3900000)
  from space 89088K, 0% used [0x00000000f9d00000,0x00000000f9d18000,0x00000000ff400000)
  to   space 95744K, 0% used [0x00000000f3900000,0x00000000f3900000,0x00000000f9680000)
 ParOldGen       total 543232K, used 309969K [0x00000000a0000000, 0x00000000c1280000, 0x00000000e0000000)
  object space 543232K, 57% used [0x00000000a0000000,0x00000000b2eb47e0,0x00000000c1280000)
 Metaspace       used 102884K, capacity 109214K, committed 110936K, reserved 1146880K
  class space    used 12646K, capacity 13960K, committed 14208K, reserved 1048576K
Event: 5974.597 GC heap after
Heap after GC invocations=79 (full 6):
 PSYoungGen      total 416256K, used 1460K [0x00000000e0000000, 0x00000000ffd80000, 0x0000000100000000)
  eden space 320512K, 0% used [0x00000000e0000000,0x00000000e0000000,0x00000000f3900000)
  from space 95744K, 1% used [0x00000000f3900000,0x00000000f3a6d0a0,0x00000000f9680000)
  to   space 91136K, 0% used [0x00000000fa480000,0x00000000fa480000,0x00000000ffd80000)
 ParOldGen       total 543232K, used 310009K [0x00000000a0000000, 0x00000000c1280000, 0x00000000e0000000)
  object space 543232K, 57% used [0x00000000a0000000,0x00000000b2ebe7e0,0x00000000c1280000)
 Metaspace       used 102884K, capacity 109214K, committed 110936K, reserved 1146880K
  class space    used 12646K, capacity 13960K, committed 14208K, reserved 1048576K
}
Event: 10046.264 GC heap before
{Heap before GC invocations=80 (full 6):
 PSYoungGen      total 416256K, used 321972K [0x00000000e0000000, 0x00000000ffd80000, 0x0000000100000000)
  eden space 320512K, 100% used [0x00000000e0000000,0x00000000f3900000,0x00000000f3900000)
  from space 95744K, 1% used [0x00000000f3900000,0x00000000f3a6d0a0,0x00000000f9680000)
  to   space 91136K, 0% used [0x00000000fa480000,0x00000000fa480000,0x00000000ffd80000)
 ParOldGen       total 543232K, used 310009K [0x00000000a0000000, 0x00000000c1280000, 0x00000000e0000000)
  object space 543232K, 57% used [0x00000000a0000000,0x00000000b2ebe7e0,0x00000000c1280000)
 Metaspace       used 106128K, capacity 112614K, committed 112728K, reserved 1146880K
  class space    used 13062K, capacity 14434K, committed 14464K, reserved 1048576K
Event: 10046.303 GC heap after
Heap after GC invocations=80 (full 6):
 PSYoungGen      total 417280K, used 24749K [0x00000000e0000000, 0x00000000ff280000, 0x0000000100000000)
  eden space 337408K, 0% used [0x00000000e0000000,0x00000000e0000000,0x00000000f4980000)
  from space 79872K, 30% used [0x00000000fa480000,0x00000000fbcab678,0x00000000ff280000)
  to   space 86528K, 0% used [0x00000000f4980000,0x00000000f4980000,0x00000000f9e00000)
 ParOldGen       total 543232K, used 311094K [0x00000000a0000000, 0x00000000c1280000, 0x00000000e0000000)
  object space 543232K, 57% used [0x00000000a0000000,0x00000000b2fcd8d0,0x00000000c1280000)
 Metaspace       used 106128K, capacity 112614K, committed 112728K, reserved 1146880K
  class space    used 13062K, capacity 14434K, committed 14464K, reserved 1048576K
}

