# JRE version: OpenJDK Runtime Environment (8.0_152-b01) (build 1.8.0_152-release-915-b01)
# Java VM: OpenJDK 64-Bit Server VM (25.152-b01 mixed mode linux-amd64 compressed oops)
Heap:
 PSYoungGen      total 426496K, used 231226K [0x00000000e0000000, 0x00000000ff480000, 0x0000000100000000)
  eden space 353792K, 64% used [0x00000000e0000000,0x00000000ee089b38,0x00000000f5980000)
  from space 72704K, 1% used [0x00000000fad80000,0x00000000faec50a0,0x00000000ff480000)
  to   space 79360K, 0% used [0x00000000f5980000,0x00000000f5980000,0x00000000fa700000)
 ParOldGen       total 551936K, used 366720K [0x00000000a0000000, 0x00000000c1b00000, 0x00000000e0000000)
  object space 551936K, 66% used [0x00000000a0000000,0x00000000b6620138,0x00000000c1b00000)
 Metaspace       used 90233K, capacity 98734K, committed 98904K, reserved 1134592K
  class space    used 11091K, capacity 12880K, committed 12928K, reserved 1048576K
GC Heap History (10 events):
Event: 5598.000 GC heap before
{Heap before GC invocations=90 (full 10):
 PSYoungGen      total 420864K, used 318015K [0x00000000e0000000, 0x0000000100000000, 0x0000000100000000)
  eden space 317440K, 99% used [0x00000000e0000000,0x00000000f3547bb0,0x00000000f3600000)
  from space 103424K, 1% used [0x00000000f3600000,0x00000000f37480a0,0x00000000f9b00000)
  to   space 99840K, 0% used [0x00000000f9e80000,0x00000000f9e80000,0x0000000100000000)
 ParOldGen       total 551936K, used 358126K [0x00000000a0000000, 0x00000000c1b00000, 0x00000000e0000000)
  object space 551936K, 64% used [0x00000000a0000000,0x00000000b5dbba18,0x00000000c1b00000)
 Metaspace       used 90137K, capacity 98550K, committed 98648K, reserved 1134592K
  class space    used 11080K, capacity 12840K, committed 12928K, reserved 1048576K
Event: 5598.056 GC heap after
Heap after GC invocations=90 (full 10):
 PSYoungGen      total 403968K, used 18208K [0x00000000e0000000, 0x00000000fef80000, 0x0000000100000000)
  eden space 321024K, 0% used [0x00000000e0000000,0x00000000e0000000,0x00000000f3980000)
  from space 82944K, 21% used [0x00000000f9e80000,0x00000000fb0482b8,0x00000000fef80000)
  to   space 93184K, 0% used [0x00000000f3980000,0x00000000f3980000,0x00000000f9480000)
 ParOldGen       total 551936K, used 359286K [0x00000000a0000000, 0x00000000c1b00000, 0x00000000e0000000)
  object space 551936K, 65% used [0x00000000a0000000,0x00000000b5eddb38,0x00000000c1b00000)
 Metaspace       used 90137K, capacity 98550K, committed 98648K, reserved 1134592K
  class space    used 11080K, capacity 12840K, committed 12928K, reserved 1048576K
}
Event: 5598.213 GC heap before
{Heap before GC invocations=91 (full 10):
 PSYoungGen      total 403968K, used 339226K [0x00000000e0000000, 0x00000000fef80000, 0x0000000100000000)
  eden space 321024K, 99% used [0x00000000e0000000,0x00000000f397e900,0x00000000f3980000)
  from space 82944K, 21% used [0x00000000f9e80000,0x00000000fb0482b8,0x00000000fef80000)
  to   space 93184K, 0% used [0x00000000f3980000,0x00000000f3980000,0x00000000f9480000)
 ParOldGen       total 551936K, used 359286K [0x00000000a0000000, 0x00000000c1b00000, 0x00000000e0000000)
  object space 551936K, 65% used [0x00000000a0000000,0x00000000b5eddb38,0x00000000c1b00000)
 Metaspace       used 90137K, capacity 98550K, committed 98648K, reserved 1134592K
  class space    used 11080K, capacity 12840K, committed 12928K, reserved 1048576K
Event: 5598.252 GC heap after
Heap after GC invocations=91 (full 10):
 PSYoungGen      total 414208K, used 128K [0x00000000e0000000, 0x0000000100000000, 0x0000000100000000)
  eden space 321024K, 0% used [0x00000000e0000000,0x00000000e0000000,0x00000000f3980000)
  from space 93184K, 0% used [0x00000000f3980000,0x00000000f39a0000,0x00000000f9480000)
  to   space 90112K, 0% used [0x00000000fa800000,0x00000000fa800000,0x0000000100000000)
 ParOldGen       total 551936K, used 366608K [0x00000000a0000000, 0x00000000c1b00000, 0x00000000e0000000)
  object space 551936K, 66% used [0x00000000a0000000,0x00000000b6604138,0x00000000c1b00000)
 Metaspace       used 90137K, capacity 98550K, committed 98648K, reserved 1134592K
  class space    used 11080K, capacity 12840K, committed 12928K, reserved 1048576K
}
Event: 5598.385 GC heap before
{Heap before GC invocations=92 (full 10):
 PSYoungGen      total 414208K, used 320165K [0x00000000e0000000, 0x0000000100000000, 0x0000000100000000)
  eden space 321024K, 99% used [0x00000000e0000000,0x00000000f3889658,0x00000000f3980000)
  from space 93184K, 0% used [0x00000000f3980000,0x00000000f39a0000,0x00000000f9480000)
  to   space 90112K, 0% used [0x00000000fa800000,0x00000000fa800000,0x0000000100000000)
 ParOldGen       total 551936K, used 366608K [0x00000000a0000000, 0x00000000c1b00000, 0x00000000e0000000)
  object space 551936K, 66% used [0x00000000a0000000,0x00000000b6604138,0x00000000c1b00000)
 Metaspace       used 90137K, capacity 98550K, committed 98648K, reserved 1134592K
  class space    used 11080K, capacity 12840K, committed 12928K, reserved 1048576K
Event: 5598.407 GC heap after
Heap after GC invocations=92 (full 10):
 PSYoungGen      total 421888K, used 96K [0x00000000e0000000, 0x00000000ff700000, 0x0000000100000000)
  eden space 340992K, 0% used [0x00000000e0000000,0x00000000e0000000,0x00000000f4d00000)
  from space 80896K, 0% used [0x00000000fa800000,0x00000000fa818000,0x00000000ff700000)
  to   space 87040K, 0% used [0x00000000f4d00000,0x00000000f4d00000,0x00000000fa200000)
 ParOldGen       total 551936K, used 366640K [0x00000000a0000000, 0x00000000c1b00000, 0x00000000e0000000)
  object space 551936K, 66% used [0x00000000a0000000,0x00000000b660c138,0x00000000c1b00000)
 Metaspace       used 90137K, capacity 98550K, committed 98648K, reserved 1134592K
  class space    used 11080K, capacity 12840K, committed 12928K, reserved 1048576K
}
Event: 5598.554 GC heap before
{Heap before GC invocations=93 (full 10):
 PSYoungGen      total 421888K, used 340845K [0x00000000e0000000, 0x00000000ff700000, 0x0000000100000000)
  eden space 340992K, 99% used [0x00000000e0000000,0x00000000f4cc3670,0x00000000f4d00000)
  from space 80896K, 0% used [0x00000000fa800000,0x00000000fa818000,0x00000000ff700000)
  to   space 87040K, 0% used [0x00000000f4d00000,0x00000000f4d00000,0x00000000fa200000)
 ParOldGen       total 551936K, used 366640K [0x00000000a0000000, 0x00000000c1b00000, 0x00000000e0000000)
  object space 551936K, 66% used [0x00000000a0000000,0x00000000b660c138,0x00000000c1b00000)
 Metaspace       used 90137K, capacity 98550K, committed 98648K, reserved 1134592K
  class space    used 11080K, capacity 12840K, committed 12928K, reserved 1048576K
Event: 5598.576 GC heap after
Heap after GC invocations=93 (full 10):
 PSYoungGen      total 428032K, used 96K [0x00000000e0000000, 0x00000000fff00000, 0x0000000100000000)
  eden space 340992K, 0% used [0x00000000e0000000,0x00000000e0000000,0x00000000f4d00000)
  from space 87040K, 0% used [0x00000000f4d00000,0x00000000f4d18000,0x00000000fa200000)
  to   space 83456K, 0% used [0x00000000fad80000,0x00000000fad80000,0x00000000fff00000)
 ParOldGen       total 551936K, used 366680K [0x00000000a0000000, 0x00000000c1b00000, 0x00000000e0000000)
  object space 551936K, 66% used [0x00000000a0000000,0x00000000b6616138,0x00000000c1b00000)
 Metaspace       used 90137K, capacity 98550K, committed 98648K, reserved 1134592K
  class space    used 11080K, capacity 12840K, committed 12928K, reserved 1048576K
}
Event: 7435.362 GC heap before
{Heap before GC invocations=94 (full 10):
 PSYoungGen      total 428032K, used 341088K [0x00000000e0000000, 0x00000000fff00000, 0x0000000100000000)
  eden space 340992K, 100% used [0x00000000e0000000,0x00000000f4d00000,0x00000000f4d00000)
  from space 87040K, 0% used [0x00000000f4d00000,0x00000000f4d18000,0x00000000fa200000)
  to   space 83456K, 0% used [0x00000000fad80000,0x00000000fad80000,0x00000000fff00000)
 ParOldGen       total 551936K, used 366680K [0x00000000a0000000, 0x00000000c1b00000, 0x00000000e0000000)
  object space 551936K, 66% used [0x00000000a0000000,0x00000000b6616138,0x00000000c1b00000)
 Metaspace       used 90138K, capacity 98550K, committed 98648K, reserved 1134592K
  class space    used 11080K, capacity 12840K, committed 12928K, reserved 1048576K
Event: 7435.374 GC heap after
Heap after GC invocations=94 (full 10):
 PSYoungGen      total 426496K, used 1300K [0x00000000e0000000, 0x00000000ff480000, 0x0000000100000000)
  eden space 353792K, 0% used [0x00000000e0000000,0x00000000e0000000,0x00000000f5980000)
  from space 72704K, 1% used [0x00000000fad80000,0x00000000faec50a0,0x00000000ff480000)
  to   space 79360K, 0% used [0x00000000f5980000,0x00000000f5980000,0x00000000fa700000)
 ParOldGen       total 551936K, used 366720K [0x00000000a0000000, 0x00000000c1b00000, 0x00000000e0000000)
  object space 551936K, 66% used [0x00000000a0000000,0x00000000b6620138,0x00000000c1b00000)
 Metaspace       used 90138K, capacity 98550K, committed 98648K, reserved 1134592K
  class space    used 11080K, capacity 12840K, committed 12928K, reserved 1048576K
}

